This file contains any messages produced by compilers while
running configure, to aid debugging if configure makes a mistake.

configure:573: checking host system type
configure:602: checking for gcc
configure:715: checking whether the C compiler (/Applications/Xcode.app/Contents/Developer/Toolchains/XcodeDefault.xctoolchain/usr/bin/clang -arch x86_64 -pipe -no-cpp-precomp -isysroot/Applications/Xcode.app/Contents/Developer/Platforms/iPhoneSimulator.platform/Developer/SDKs/iPhoneSimulator9.2.sdk -miphoneos-version-min=7.0 -I/Applications/Xcode.app/Contents/Developer/Platforms/iPhoneSimulator.platform/Developer/SDKs/iPhoneSimulator9.2.sdk/usr/include/ -L/Applications/Xcode.app/Contents/Developer/Platforms/iPhoneSimulator.platform/Developer/SDKs/iPhoneSimulator9.2.sdk/usr/lib/) works
configure:731: /Applications/Xcode.app/Contents/Developer/Toolchains/XcodeDefault.xctoolchain/usr/bin/clang -o conftest -arch x86_64 -pipe -no-cpp-precomp -isysroot/Applications/Xcode.app/Contents/Developer/Platforms/iPhoneSimulator.platform/Developer/SDKs/iPhoneSimulator9.2.sdk -miphoneos-version-min=7.0 -I/Applications/Xcode.app/Contents/Developer/Platforms/iPhoneSimulator.platform/Developer/SDKs/iPhoneSimulator9.2.sdk/usr/include/  -L/Applications/Xcode.app/Contents/Developer/Platforms/iPhoneSimulator.platform/Developer/SDKs/iPhoneSimulator9.2.sdk/usr/lib/ conftest.c  1>&5
configure:728:1: warning: type specifier missing, defaults to 'int' [-Wimplicit-int]
main(){return(0);}
^
1 warning generated.
configure:757: checking whether the C compiler (/Applications/Xcode.app/Contents/Developer/Toolchains/XcodeDefault.xctoolchain/usr/bin/clang -arch x86_64 -pipe -no-cpp-precomp -isysroot/Applications/Xcode.app/Contents/Developer/Platforms/iPhoneSimulator.platform/Developer/SDKs/iPhoneSimulator9.2.sdk -miphoneos-version-min=7.0 -I/Applications/Xcode.app/Contents/Developer/Platforms/iPhoneSimulator.platform/Developer/SDKs/iPhoneSimulator9.2.sdk/usr/include/ -L/Applications/Xcode.app/Contents/Developer/Platforms/iPhoneSimulator.platform/Developer/SDKs/iPhoneSimulator9.2.sdk/usr/lib/) is a cross-compiler
configure:762: checking whether we are using GNU C
configure:771: /Applications/Xcode.app/Contents/Developer/Toolchains/XcodeDefault.xctoolchain/usr/bin/clang -E conftest.c
configure:790: checking whether /Applications/Xcode.app/Contents/Developer/Toolchains/XcodeDefault.xctoolchain/usr/bin/clang accepts -g
configure:822: checking how to run the C preprocessor
configure:843: /Applications/Xcode.app/Contents/Developer/Toolchains/XcodeDefault.xctoolchain/usr/bin/clang -E  conftest.c >/dev/null 2>conftest.out
configure:913: checking for a BSD compatible install
configure:966: checking whether make sets ${MAKE}
configure:997: checking for ed
configure:1032: checking build system type
configure:1066: checking for x86_64-apple-darwin15.2.0-getconf
configure:1096: checking for CFLAGS value to request large file support
configure:1134: checking for LDFLAGS value to request large file support
configure:1146: checking for LIBS value to request large file support
configure:1201: checking for _FILE_OFFSET_BITS
configure:1230: checking for _LARGEFILE_SOURCE
configure:1259: checking for _LARGE_FILES
configure:1291: checking for AIX
configure:1316: checking for minix/config.h
configure:1326: /Applications/Xcode.app/Contents/Developer/Toolchains/XcodeDefault.xctoolchain/usr/bin/clang -E  conftest.c >/dev/null 2>conftest.out
configure:1322:10: fatal error: 'minix/config.h' file not found
#include <minix/config.h>
         ^
1 error generated.
configure: failed program was:
#line 1321 "configure"
#include "confdefs.h"
#include <minix/config.h>
configure:1364: checking for POSIXized ISC
configure:1385: checking for Cygwin environment
configure:1401: /Applications/Xcode.app/Contents/Developer/Toolchains/XcodeDefault.xctoolchain/usr/bin/clang -c -arch x86_64 -pipe -no-cpp-precomp -isysroot/Applications/Xcode.app/Contents/Developer/Platforms/iPhoneSimulator.platform/Developer/SDKs/iPhoneSimulator9.2.sdk -miphoneos-version-min=7.0 -I/Applications/Xcode.app/Contents/Developer/Platforms/iPhoneSimulator.platform/Developer/SDKs/iPhoneSimulator9.2.sdk/usr/include/  conftest.c 1>&5
configure:1397:8: error: use of undeclared identifier '__CYGWIN32__'
return __CYGWIN__;
       ^
configure:1395:20: note: expanded from macro '__CYGWIN__'
#define __CYGWIN__ __CYGWIN32__
                   ^
1 error generated.
configure: failed program was:
#line 1390 "configure"
#include "confdefs.h"

int main() {

#ifndef __CYGWIN__
#define __CYGWIN__ __CYGWIN32__
#endif
return __CYGWIN__;
; return 0; }
configure:1418: checking for mingw32 environment
configure:1430: /Applications/Xcode.app/Contents/Developer/Toolchains/XcodeDefault.xctoolchain/usr/bin/clang -c -arch x86_64 -pipe -no-cpp-precomp -isysroot/Applications/Xcode.app/Contents/Developer/Platforms/iPhoneSimulator.platform/Developer/SDKs/iPhoneSimulator9.2.sdk -miphoneos-version-min=7.0 -I/Applications/Xcode.app/Contents/Developer/Platforms/iPhoneSimulator.platform/Developer/SDKs/iPhoneSimulator9.2.sdk/usr/include/  conftest.c 1>&5
configure:1426:8: error: use of undeclared identifier '__MINGW32__'
return __MINGW32__;
       ^
1 error generated.
configure: failed program was:
#line 1423 "configure"
#include "confdefs.h"

int main() {
return __MINGW32__;
; return 0; }
configure:1449: checking for executable suffix
configure:1459: /Applications/Xcode.app/Contents/Developer/Toolchains/XcodeDefault.xctoolchain/usr/bin/clang -o conftest -arch x86_64 -pipe -no-cpp-precomp -isysroot/Applications/Xcode.app/Contents/Developer/Platforms/iPhoneSimulator.platform/Developer/SDKs/iPhoneSimulator9.2.sdk -miphoneos-version-min=7.0 -I/Applications/Xcode.app/Contents/Developer/Platforms/iPhoneSimulator.platform/Developer/SDKs/iPhoneSimulator9.2.sdk/usr/include/  -L/Applications/Xcode.app/Contents/Developer/Platforms/iPhoneSimulator.platform/Developer/SDKs/iPhoneSimulator9.2.sdk/usr/lib/ conftest.c  1>&5
configure:1484: checking for /Applications/Xcode.app/Contents/Developer/Toolchains/XcodeDefault.xctoolchain/usr/bin/clang option to accept ANSI C
configure:1537: /Applications/Xcode.app/Contents/Developer/Toolchains/XcodeDefault.xctoolchain/usr/bin/clang  -c -arch x86_64 -pipe -no-cpp-precomp -isysroot/Applications/Xcode.app/Contents/Developer/Platforms/iPhoneSimulator.platform/Developer/SDKs/iPhoneSimulator9.2.sdk -miphoneos-version-min=7.0 -I/Applications/Xcode.app/Contents/Developer/Platforms/iPhoneSimulator.platform/Developer/SDKs/iPhoneSimulator9.2.sdk/usr/include/  conftest.c 1>&5
configure:1563: checking for function prototypes
configure:1722: checking for working const
configure:1776: /Applications/Xcode.app/Contents/Developer/Toolchains/XcodeDefault.xctoolchain/usr/bin/clang -c -arch x86_64 -pipe -no-cpp-precomp -isysroot/Applications/Xcode.app/Contents/Developer/Platforms/iPhoneSimulator.platform/Developer/SDKs/iPhoneSimulator9.2.sdk -miphoneos-version-min=7.0 -I/Applications/Xcode.app/Contents/Developer/Platforms/iPhoneSimulator.platform/Developer/SDKs/iPhoneSimulator9.2.sdk/usr/include/  conftest.c 1>&5
configure:1802: checking for dirent.h that defines DIR
configure:1815: /Applications/Xcode.app/Contents/Developer/Toolchains/XcodeDefault.xctoolchain/usr/bin/clang -c -arch x86_64 -pipe -no-cpp-precomp -isysroot/Applications/Xcode.app/Contents/Developer/Platforms/iPhoneSimulator.platform/Developer/SDKs/iPhoneSimulator9.2.sdk -miphoneos-version-min=7.0 -I/Applications/Xcode.app/Contents/Developer/Platforms/iPhoneSimulator.platform/Developer/SDKs/iPhoneSimulator9.2.sdk/usr/include/  conftest.c 1>&5
configure:1840: checking for opendir in -ldir
configure:1859: /Applications/Xcode.app/Contents/Developer/Toolchains/XcodeDefault.xctoolchain/usr/bin/clang -o conftest -arch x86_64 -pipe -no-cpp-precomp -isysroot/Applications/Xcode.app/Contents/Developer/Platforms/iPhoneSimulator.platform/Developer/SDKs/iPhoneSimulator9.2.sdk -miphoneos-version-min=7.0 -I/Applications/Xcode.app/Contents/Developer/Platforms/iPhoneSimulator.platform/Developer/SDKs/iPhoneSimulator9.2.sdk/usr/include/  -L/Applications/Xcode.app/Contents/Developer/Platforms/iPhoneSimulator.platform/Developer/SDKs/iPhoneSimulator9.2.sdk/usr/lib/ conftest.c -ldir   1>&5
ld: library not found for -ldir
clang: error: linker command failed with exit code 1 (use -v to see invocation)
configure: failed program was:
#line 1848 "configure"
#include "confdefs.h"
/* Override any gcc2 internal prototype to avoid an error.  */
/* We use char because int might match the return type of a gcc2
    builtin and then its argument prototype would still apply.  */
char opendir();

int main() {
opendir()
; return 0; }
configure:1923: checking for ANSI C header files
configure:1936: /Applications/Xcode.app/Contents/Developer/Toolchains/XcodeDefault.xctoolchain/usr/bin/clang -E  conftest.c >/dev/null 2>conftest.out
configure:2003: /Applications/Xcode.app/Contents/Developer/Toolchains/XcodeDefault.xctoolchain/usr/bin/clang -o conftest -arch x86_64 -pipe -no-cpp-precomp -isysroot/Applications/Xcode.app/Contents/Developer/Platforms/iPhoneSimulator.platform/Developer/SDKs/iPhoneSimulator9.2.sdk -miphoneos-version-min=7.0 -I/Applications/Xcode.app/Contents/Developer/Platforms/iPhoneSimulator.platform/Developer/SDKs/iPhoneSimulator9.2.sdk/usr/include/  -L/Applications/Xcode.app/Contents/Developer/Platforms/iPhoneSimulator.platform/Developer/SDKs/iPhoneSimulator9.2.sdk/usr/lib/ conftest.c  1>&5
configure:1998:67: warning: implicitly declaring library function 'exit' with type 'void (int) __attribute__((noreturn))'
if (XOR (islower (i), ISLOWER (i)) || toupper (i) != TOUPPER (i)) exit(2);
                                                                  ^
configure:1998:67: note: include the header <stdlib.h> or explicitly provide a declaration for 'exit'
1 warning generated.
configure:2030: checking for fcntl.h
configure:2040: /Applications/Xcode.app/Contents/Developer/Toolchains/XcodeDefault.xctoolchain/usr/bin/clang -E  conftest.c >/dev/null 2>conftest.out
configure:2030: checking for limits.h
configure:2040: /Applications/Xcode.app/Contents/Developer/Toolchains/XcodeDefault.xctoolchain/usr/bin/clang -E  conftest.c >/dev/null 2>conftest.out
configure:2030: checking for string.h
configure:2040: /Applications/Xcode.app/Contents/Developer/Toolchains/XcodeDefault.xctoolchain/usr/bin/clang -E  conftest.c >/dev/null 2>conftest.out
configure:2030: checking for unistd.h
configure:2040: /Applications/Xcode.app/Contents/Developer/Toolchains/XcodeDefault.xctoolchain/usr/bin/clang -E  conftest.c >/dev/null 2>conftest.out
configure:2030: checking for utime.h
configure:2040: /Applications/Xcode.app/Contents/Developer/Toolchains/XcodeDefault.xctoolchain/usr/bin/clang -E  conftest.c >/dev/null 2>conftest.out
configure:2030: checking for varargs.h
configure:2040: /Applications/Xcode.app/Contents/Developer/Toolchains/XcodeDefault.xctoolchain/usr/bin/clang -E  conftest.c >/dev/null 2>conftest.out
In file included from configure:2036:
/Applications/Xcode.app/Contents/Developer/Toolchains/XcodeDefault.xctoolchain/usr/bin/../lib/clang/7.0.2/include/varargs.h:25:4: error: "Please use <stdarg.h> instead of <varargs.h>"
  #error "Please use <stdarg.h> instead of <varargs.h>"
   ^
1 error generated.
configure: failed program was:
#line 2035 "configure"
#include "confdefs.h"
#include <varargs.h>
configure:2068: checking for inttypes.h
configure:2081: /Applications/Xcode.app/Contents/Developer/Toolchains/XcodeDefault.xctoolchain/usr/bin/clang -c -arch x86_64 -pipe -no-cpp-precomp -isysroot/Applications/Xcode.app/Contents/Developer/Platforms/iPhoneSimulator.platform/Developer/SDKs/iPhoneSimulator9.2.sdk -miphoneos-version-min=7.0 -I/Applications/Xcode.app/Contents/Developer/Platforms/iPhoneSimulator.platform/Developer/SDKs/iPhoneSimulator9.2.sdk/usr/include/  conftest.c 1>&5
configure:2103: checking for mode_t
configure:2136: checking for off_t
configure:2169: checking for pid_t
configure:2202: checking return type of signal handlers
configure:2224: /Applications/Xcode.app/Contents/Developer/Toolchains/XcodeDefault.xctoolchain/usr/bin/clang -c -arch x86_64 -pipe -no-cpp-precomp -isysroot/Applications/Xcode.app/Contents/Developer/Platforms/iPhoneSimulator.platform/Developer/SDKs/iPhoneSimulator9.2.sdk -miphoneos-version-min=7.0 -I/Applications/Xcode.app/Contents/Developer/Platforms/iPhoneSimulator.platform/Developer/SDKs/iPhoneSimulator9.2.sdk/usr/include/  conftest.c 1>&5
configure:2243: checking for size_t
configure:2276: checking whether time.h and sys/time.h may both be included
configure:2290: /Applications/Xcode.app/Contents/Developer/Toolchains/XcodeDefault.xctoolchain/usr/bin/clang -c -arch x86_64 -pipe -no-cpp-precomp -isysroot/Applications/Xcode.app/Contents/Developer/Platforms/iPhoneSimulator.platform/Developer/SDKs/iPhoneSimulator9.2.sdk -miphoneos-version-min=7.0 -I/Applications/Xcode.app/Contents/Developer/Platforms/iPhoneSimulator.platform/Developer/SDKs/iPhoneSimulator9.2.sdk/usr/include/  conftest.c 1>&5
configure:2315: checking for utime.h
configure:2353: checking for struct utimbuf
configure:2379: /Applications/Xcode.app/Contents/Developer/Toolchains/XcodeDefault.xctoolchain/usr/bin/clang -c -arch x86_64 -pipe -no-cpp-precomp -isysroot/Applications/Xcode.app/Contents/Developer/Platforms/iPhoneSimulator.platform/Developer/SDKs/iPhoneSimulator9.2.sdk -miphoneos-version-min=7.0 -I/Applications/Xcode.app/Contents/Developer/Platforms/iPhoneSimulator.platform/Developer/SDKs/iPhoneSimulator9.2.sdk/usr/include/  conftest.c 1>&5
configure:2403: checking for getopt_long
configure:2431: /Applications/Xcode.app/Contents/Developer/Toolchains/XcodeDefault.xctoolchain/usr/bin/clang -o conftest -arch x86_64 -pipe -no-cpp-precomp -isysroot/Applications/Xcode.app/Contents/Developer/Platforms/iPhoneSimulator.platform/Developer/SDKs/iPhoneSimulator9.2.sdk -miphoneos-version-min=7.0 -I/Applications/Xcode.app/Contents/Developer/Platforms/iPhoneSimulator.platform/Developer/SDKs/iPhoneSimulator9.2.sdk/usr/include/  -L/Applications/Xcode.app/Contents/Developer/Platforms/iPhoneSimulator.platform/Developer/SDKs/iPhoneSimulator9.2.sdk/usr/lib/ conftest.c  1>&5
configure:2456: checking for _doprintf
configure:2484: /Applications/Xcode.app/Contents/Developer/Toolchains/XcodeDefault.xctoolchain/usr/bin/clang -o conftest -arch x86_64 -pipe -no-cpp-precomp -isysroot/Applications/Xcode.app/Contents/Developer/Platforms/iPhoneSimulator.platform/Developer/SDKs/iPhoneSimulator9.2.sdk -miphoneos-version-min=7.0 -I/Applications/Xcode.app/Contents/Developer/Platforms/iPhoneSimulator.platform/Developer/SDKs/iPhoneSimulator9.2.sdk/usr/include/  -L/Applications/Xcode.app/Contents/Developer/Platforms/iPhoneSimulator.platform/Developer/SDKs/iPhoneSimulator9.2.sdk/usr/lib/ conftest.c  1>&5
Undefined symbols for architecture x86_64:
  "__doprintf", referenced from:
      _main in conftest-32cb1d.o
ld: symbol(s) not found for architecture x86_64
clang: error: linker command failed with exit code 1 (use -v to see invocation)
configure: failed program was:
#line 2461 "configure"
#include "confdefs.h"
/* System header to define __stub macros and hopefully few prototypes,
    which can conflict with char _doprintf(); below.  */
#include <assert.h>
/* Override any gcc2 internal prototype to avoid an error.  */
/* We use char because int might match the return type of a gcc2
    builtin and then its argument prototype would still apply.  */
char _doprintf();

int main() {

/* The GNU C library defines this for functions which it implements
    to always fail with ENOSYS.  Some functions are actually named
    something starting with __ and the normal name is an alias.  */
#if defined (__stub__doprintf) || defined (__stub____doprintf)
choke me
#else
_doprintf();
#endif

; return 0; }
configure:2456: checking for isascii
configure:2484: /Applications/Xcode.app/Contents/Developer/Toolchains/XcodeDefault.xctoolchain/usr/bin/clang -o conftest -arch x86_64 -pipe -no-cpp-precomp -isysroot/Applications/Xcode.app/Contents/Developer/Platforms/iPhoneSimulator.platform/Developer/SDKs/iPhoneSimulator9.2.sdk -miphoneos-version-min=7.0 -I/Applications/Xcode.app/Contents/Developer/Platforms/iPhoneSimulator.platform/Developer/SDKs/iPhoneSimulator9.2.sdk/usr/include/  -L/Applications/Xcode.app/Contents/Developer/Platforms/iPhoneSimulator.platform/Developer/SDKs/iPhoneSimulator9.2.sdk/usr/lib/ conftest.c  1>&5
configure:2456: checking for fseeko
configure:2484: /Applications/Xcode.app/Contents/Developer/Toolchains/XcodeDefault.xctoolchain/usr/bin/clang -o conftest -arch x86_64 -pipe -no-cpp-precomp -isysroot/Applications/Xcode.app/Contents/Developer/Platforms/iPhoneSimulator.platform/Developer/SDKs/iPhoneSimulator9.2.sdk -miphoneos-version-min=7.0 -I/Applications/Xcode.app/Contents/Developer/Platforms/iPhoneSimulator.platform/Developer/SDKs/iPhoneSimulator9.2.sdk/usr/include/  -L/Applications/Xcode.app/Contents/Developer/Platforms/iPhoneSimulator.platform/Developer/SDKs/iPhoneSimulator9.2.sdk/usr/lib/ conftest.c  1>&5
configure:2456: checking for memcmp
configure:2484: /Applications/Xcode.app/Contents/Developer/Toolchains/XcodeDefault.xctoolchain/usr/bin/clang -o conftest -arch x86_64 -pipe -no-cpp-precomp -isysroot/Applications/Xcode.app/Contents/Developer/Platforms/iPhoneSimulator.platform/Developer/SDKs/iPhoneSimulator9.2.sdk -miphoneos-version-min=7.0 -I/Applications/Xcode.app/Contents/Developer/Platforms/iPhoneSimulator.platform/Developer/SDKs/iPhoneSimulator9.2.sdk/usr/include/  -L/Applications/Xcode.app/Contents/Developer/Platforms/iPhoneSimulator.platform/Developer/SDKs/iPhoneSimulator9.2.sdk/usr/lib/ conftest.c  1>&5
configure:2468:6: warning: incompatible redeclaration of library function 'memcmp' [-Wincompatible-library-redeclaration]
char memcmp();
     ^
configure:2468:6: note: 'memcmp' is a builtin with type 'int (const void *, const void *, unsigned long)'
1 warning generated.
configure:2456: checking for mktemp
configure:2484: /Applications/Xcode.app/Contents/Developer/Toolchains/XcodeDefault.xctoolchain/usr/bin/clang -o conftest -arch x86_64 -pipe -no-cpp-precomp -isysroot/Applications/Xcode.app/Contents/Developer/Platforms/iPhoneSimulator.platform/Developer/SDKs/iPhoneSimulator9.2.sdk -miphoneos-version-min=7.0 -I/Applications/Xcode.app/Contents/Developer/Platforms/iPhoneSimulator.platform/Developer/SDKs/iPhoneSimulator9.2.sdk/usr/include/  -L/Applications/Xcode.app/Contents/Developer/Platforms/iPhoneSimulator.platform/Developer/SDKs/iPhoneSimulator9.2.sdk/usr/lib/ conftest.c  1>&5
configure:2456: checking for pathconf
configure:2484: /Applications/Xcode.app/Contents/Developer/Toolchains/XcodeDefault.xctoolchain/usr/bin/clang -o conftest -arch x86_64 -pipe -no-cpp-precomp -isysroot/Applications/Xcode.app/Contents/Developer/Platforms/iPhoneSimulator.platform/Developer/SDKs/iPhoneSimulator9.2.sdk -miphoneos-version-min=7.0 -I/Applications/Xcode.app/Contents/Developer/Platforms/iPhoneSimulator.platform/Developer/SDKs/iPhoneSimulator9.2.sdk/usr/include/  -L/Applications/Xcode.app/Contents/Developer/Platforms/iPhoneSimulator.platform/Developer/SDKs/iPhoneSimulator9.2.sdk/usr/lib/ conftest.c  1>&5
configure:2456: checking for raise
configure:2484: /Applications/Xcode.app/Contents/Developer/Toolchains/XcodeDefault.xctoolchain/usr/bin/clang -o conftest -arch x86_64 -pipe -no-cpp-precomp -isysroot/Applications/Xcode.app/Contents/Developer/Platforms/iPhoneSimulator.platform/Developer/SDKs/iPhoneSimulator9.2.sdk -miphoneos-version-min=7.0 -I/Applications/Xcode.app/Contents/Developer/Platforms/iPhoneSimulator.platform/Developer/SDKs/iPhoneSimulator9.2.sdk/usr/include/  -L/Applications/Xcode.app/Contents/Developer/Platforms/iPhoneSimulator.platform/Developer/SDKs/iPhoneSimulator9.2.sdk/usr/lib/ conftest.c  1>&5
configure:2456: checking for setmode
configure:2484: /Applications/Xcode.app/Contents/Developer/Toolchains/XcodeDefault.xctoolchain/usr/bin/clang -o conftest -arch x86_64 -pipe -no-cpp-precomp -isysroot/Applications/Xcode.app/Contents/Developer/Platforms/iPhoneSimulator.platform/Developer/SDKs/iPhoneSimulator9.2.sdk -miphoneos-version-min=7.0 -I/Applications/Xcode.app/Contents/Developer/Platforms/iPhoneSimulator.platform/Developer/SDKs/iPhoneSimulator9.2.sdk/usr/include/  -L/Applications/Xcode.app/Contents/Developer/Platforms/iPhoneSimulator.platform/Developer/SDKs/iPhoneSimulator9.2.sdk/usr/lib/ conftest.c  1>&5
configure:2456: checking for sigaction
configure:2484: /Applications/Xcode.app/Contents/Developer/Toolchains/XcodeDefault.xctoolchain/usr/bin/clang -o conftest -arch x86_64 -pipe -no-cpp-precomp -isysroot/Applications/Xcode.app/Contents/Developer/Platforms/iPhoneSimulator.platform/Developer/SDKs/iPhoneSimulator9.2.sdk -miphoneos-version-min=7.0 -I/Applications/Xcode.app/Contents/Developer/Platforms/iPhoneSimulator.platform/Developer/SDKs/iPhoneSimulator9.2.sdk/usr/include/  -L/Applications/Xcode.app/Contents/Developer/Platforms/iPhoneSimulator.platform/Developer/SDKs/iPhoneSimulator9.2.sdk/usr/lib/ conftest.c  1>&5
configure:2456: checking for sigprocmask
configure:2484: /Applications/Xcode.app/Contents/Developer/Toolchains/XcodeDefault.xctoolchain/usr/bin/clang -o conftest -arch x86_64 -pipe -no-cpp-precomp -isysroot/Applications/Xcode.app/Contents/Developer/Platforms/iPhoneSimulator.platform/Developer/SDKs/iPhoneSimulator9.2.sdk -miphoneos-version-min=7.0 -I/Applications/Xcode.app/Contents/Developer/Platforms/iPhoneSimulator.platform/Developer/SDKs/iPhoneSimulator9.2.sdk/usr/include/  -L/Applications/Xcode.app/Contents/Developer/Platforms/iPhoneSimulator.platform/Developer/SDKs/iPhoneSimulator9.2.sdk/usr/lib/ conftest.c  1>&5
configure:2456: checking for sigsetmask
configure:2484: /Applications/Xcode.app/Contents/Developer/Toolchains/XcodeDefault.xctoolchain/usr/bin/clang -o conftest -arch x86_64 -pipe -no-cpp-precomp -isysroot/Applications/Xcode.app/Contents/Developer/Platforms/iPhoneSimulator.platform/Developer/SDKs/iPhoneSimulator9.2.sdk -miphoneos-version-min=7.0 -I/Applications/Xcode.app/Contents/Developer/Platforms/iPhoneSimulator.platform/Developer/SDKs/iPhoneSimulator9.2.sdk/usr/include/  -L/Applications/Xcode.app/Contents/Developer/Platforms/iPhoneSimulator.platform/Developer/SDKs/iPhoneSimulator9.2.sdk/usr/lib/ conftest.c  1>&5
configure:2456: checking for strerror
configure:2484: /Applications/Xcode.app/Contents/Developer/Toolchains/XcodeDefault.xctoolchain/usr/bin/clang -o conftest -arch x86_64 -pipe -no-cpp-precomp -isysroot/Applications/Xcode.app/Contents/Developer/Platforms/iPhoneSimulator.platform/Developer/SDKs/iPhoneSimulator9.2.sdk -miphoneos-version-min=7.0 -I/Applications/Xcode.app/Contents/Developer/Platforms/iPhoneSimulator.platform/Developer/SDKs/iPhoneSimulator9.2.sdk/usr/include/  -L/Applications/Xcode.app/Contents/Developer/Platforms/iPhoneSimulator.platform/Developer/SDKs/iPhoneSimulator9.2.sdk/usr/lib/ conftest.c  1>&5
configure:2468:6: warning: incompatible redeclaration of library function 'strerror' [-Wincompatible-library-redeclaration]
char strerror();
     ^
configure:2468:6: note: 'strerror' is a builtin with type 'char *(int)'
1 warning generated.
configure:2511: checking for memchr
configure:2539: /Applications/Xcode.app/Contents/Developer/Toolchains/XcodeDefault.xctoolchain/usr/bin/clang -o conftest -arch x86_64 -pipe -no-cpp-precomp -isysroot/Applications/Xcode.app/Contents/Developer/Platforms/iPhoneSimulator.platform/Developer/SDKs/iPhoneSimulator9.2.sdk -miphoneos-version-min=7.0 -I/Applications/Xcode.app/Contents/Developer/Platforms/iPhoneSimulator.platform/Developer/SDKs/iPhoneSimulator9.2.sdk/usr/include/  -L/Applications/Xcode.app/Contents/Developer/Platforms/iPhoneSimulator.platform/Developer/SDKs/iPhoneSimulator9.2.sdk/usr/lib/ conftest.c  1>&5
configure:2523:6: warning: incompatible redeclaration of library function 'memchr' [-Wincompatible-library-redeclaration]
char memchr();
     ^
configure:2523:6: note: 'memchr' is a builtin with type 'void *(const void *, int, unsigned long)'
1 warning generated.
configure:2511: checking for mkdir
configure:2539: /Applications/Xcode.app/Contents/Developer/Toolchains/XcodeDefault.xctoolchain/usr/bin/clang -o conftest -arch x86_64 -pipe -no-cpp-precomp -isysroot/Applications/Xcode.app/Contents/Developer/Platforms/iPhoneSimulator.platform/Developer/SDKs/iPhoneSimulator9.2.sdk -miphoneos-version-min=7.0 -I/Applications/Xcode.app/Contents/Developer/Platforms/iPhoneSimulator.platform/Developer/SDKs/iPhoneSimulator9.2.sdk/usr/include/  -L/Applications/Xcode.app/Contents/Developer/Platforms/iPhoneSimulator.platform/Developer/SDKs/iPhoneSimulator9.2.sdk/usr/lib/ conftest.c  1>&5
configure:2511: checking for rename
configure:2539: /Applications/Xcode.app/Contents/Developer/Toolchains/XcodeDefault.xctoolchain/usr/bin/clang -o conftest -arch x86_64 -pipe -no-cpp-precomp -isysroot/Applications/Xcode.app/Contents/Developer/Platforms/iPhoneSimulator.platform/Developer/SDKs/iPhoneSimulator9.2.sdk -miphoneos-version-min=7.0 -I/Applications/Xcode.app/Contents/Developer/Platforms/iPhoneSimulator.platform/Developer/SDKs/iPhoneSimulator9.2.sdk/usr/include/  -L/Applications/Xcode.app/Contents/Developer/Platforms/iPhoneSimulator.platform/Developer/SDKs/iPhoneSimulator9.2.sdk/usr/lib/ conftest.c  1>&5
configure:2511: checking for rmdir
configure:2539: /Applications/Xcode.app/Contents/Developer/Toolchains/XcodeDefault.xctoolchain/usr/bin/clang -o conftest -arch x86_64 -pipe -no-cpp-precomp -isysroot/Applications/Xcode.app/Contents/Developer/Platforms/iPhoneSimulator.platform/Developer/SDKs/iPhoneSimulator9.2.sdk -miphoneos-version-min=7.0 -I/Applications/Xcode.app/Contents/Developer/Platforms/iPhoneSimulator.platform/Developer/SDKs/iPhoneSimulator9.2.sdk/usr/include/  -L/Applications/Xcode.app/Contents/Developer/Platforms/iPhoneSimulator.platform/Developer/SDKs/iPhoneSimulator9.2.sdk/usr/lib/ conftest.c  1>&5
configure:2572: checking for working malloc
configure:2591: /Applications/Xcode.app/Contents/Developer/Toolchains/XcodeDefault.xctoolchain/usr/bin/clang -o conftest -arch x86_64 -pipe -no-cpp-precomp -isysroot/Applications/Xcode.app/Contents/Developer/Platforms/iPhoneSimulator.platform/Developer/SDKs/iPhoneSimulator9.2.sdk -miphoneos-version-min=7.0 -I/Applications/Xcode.app/Contents/Developer/Platforms/iPhoneSimulator.platform/Developer/SDKs/iPhoneSimulator9.2.sdk/usr/include/  -L/Applications/Xcode.app/Contents/Developer/Platforms/iPhoneSimulator.platform/Developer/SDKs/iPhoneSimulator9.2.sdk/usr/lib/ conftest.c  1>&5
configure:2582:11: warning: incompatible redeclaration of library function 'malloc' [-Wincompatible-library-redeclaration]
    char *malloc ();
          ^
configure:2582:11: note: 'malloc' is a builtin with type 'void *(unsigned long)'
configure:2586:7: warning: implicitly declaring library function 'exit' with type 'void (int) __attribute__((noreturn))'
      exit (malloc (0) ? 0 : 1);
      ^
configure:2586:7: note: include the header <stdlib.h> or explicitly provide a declaration for 'exit'
2 warnings generated.
configure:2623: checking for working realloc
configure:2642: /Applications/Xcode.app/Contents/Developer/Toolchains/XcodeDefault.xctoolchain/usr/bin/clang -o conftest -arch x86_64 -pipe -no-cpp-precomp -isysroot/Applications/Xcode.app/Contents/Developer/Platforms/iPhoneSimulator.platform/Developer/SDKs/iPhoneSimulator9.2.sdk -miphoneos-version-min=7.0 -I/Applications/Xcode.app/Contents/Developer/Platforms/iPhoneSimulator.platform/Developer/SDKs/iPhoneSimulator9.2.sdk/usr/include/  -L/Applications/Xcode.app/Contents/Developer/Platforms/iPhoneSimulator.platform/Developer/SDKs/iPhoneSimulator9.2.sdk/usr/lib/ conftest.c  1>&5
configure:2633:11: warning: incompatible redeclaration of library function 'realloc' [-Wincompatible-library-redeclaration]
    char *realloc ();
          ^
configure:2633:11: note: 'realloc' is a builtin with type 'void *(void *, unsigned long)'
configure:2637:7: warning: implicitly declaring library function 'exit' with type 'void (int) __attribute__((noreturn))'
      exit (realloc (0, 0) ? 0 : 1);
      ^
configure:2637:7: note: include the header <stdlib.h> or explicitly provide a declaration for 'exit'
2 warnings generated.
configure:2668: checking whether closedir returns void
configure:2682: /Applications/Xcode.app/Contents/Developer/Toolchains/XcodeDefault.xctoolchain/usr/bin/clang -o conftest -arch x86_64 -pipe -no-cpp-precomp -isysroot/Applications/Xcode.app/Contents/Developer/Platforms/iPhoneSimulator.platform/Developer/SDKs/iPhoneSimulator9.2.sdk -miphoneos-version-min=7.0 -I/Applications/Xcode.app/Contents/Developer/Platforms/iPhoneSimulator.platform/Developer/SDKs/iPhoneSimulator9.2.sdk/usr/include/  -L/Applications/Xcode.app/Contents/Developer/Platforms/iPhoneSimulator.platform/Developer/SDKs/iPhoneSimulator9.2.sdk/usr/lib/ conftest.c  1>&5
configure:2679:17: warning: type specifier missing, defaults to 'int' [-Wimplicit-int]
int closedir(); main() { exit(closedir(opendir(".")) != 0); }
                ^
configure:2679:26: warning: implicitly declaring library function 'exit' with type 'void (int) __attribute__((noreturn))'
int closedir(); main() { exit(closedir(opendir(".")) != 0); }
                         ^
configure:2679:26: note: include the header <stdlib.h> or explicitly provide a declaration for 'exit'
2 warnings generated.
configure:2705: checking for vprintf
configure:2733: /Applications/Xcode.app/Contents/Developer/Toolchains/XcodeDefault.xctoolchain/usr/bin/clang -o conftest -arch x86_64 -pipe -no-cpp-precomp -isysroot/Applications/Xcode.app/Contents/Developer/Platforms/iPhoneSimulator.platform/Developer/SDKs/iPhoneSimulator9.2.sdk -miphoneos-version-min=7.0 -I/Applications/Xcode.app/Contents/Developer/Platforms/iPhoneSimulator.platform/Developer/SDKs/iPhoneSimulator9.2.sdk/usr/include/  -L/Applications/Xcode.app/Contents/Developer/Platforms/iPhoneSimulator.platform/Developer/SDKs/iPhoneSimulator9.2.sdk/usr/lib/ conftest.c  1>&5
configure:2717:6: warning: incompatible redeclaration of library function 'vprintf' [-Wincompatible-library-redeclaration]
char vprintf();
     ^
configure:2717:6: note: 'vprintf' is a builtin with type 'int (const char *, __va_list_tag *)'
1 warning generated.
configure:2811: checking for long file names
configure:2855: checking for d_ino member in directory struct
configure:2883: /Applications/Xcode.app/Contents/Developer/Toolchains/XcodeDefault.xctoolchain/usr/bin/clang -o conftest -arch x86_64 -pipe -no-cpp-precomp -isysroot/Applications/Xcode.app/Contents/Developer/Platforms/iPhoneSimulator.platform/Developer/SDKs/iPhoneSimulator9.2.sdk -miphoneos-version-min=7.0 -I/Applications/Xcode.app/Contents/Developer/Platforms/iPhoneSimulator.platform/Developer/SDKs/iPhoneSimulator9.2.sdk/usr/include/  -L/Applications/Xcode.app/Contents/Developer/Platforms/iPhoneSimulator.platform/Developer/SDKs/iPhoneSimulator9.2.sdk/usr/lib/ conftest.c  1>&5
